[debug] [2022-07-17T13:00:30.776Z] ----------------------------------------------------------------------
[debug] [2022-07-17T13:00:30.779Z] Command:       C:\Program Files\nodejs\node.exe C:\Users\Shadow\AppData\Local\Yarn\Data\global\node_modules\firebase-tools\lib\bin\firebase.js init
[debug] [2022-07-17T13:00:30.780Z] CLI Version:   11.2.2
[debug] [2022-07-17T13:00:30.781Z] Platform:      win32
[debug] [2022-07-17T13:00:30.781Z] Node Version:  v16.15.0
[debug] [2022-07-17T13:00:30.784Z] Time:          Sun Jul 17 2022 15:00:30 GMT+0200 (heure d’été d’Europe centrale)
[debug] [2022-07-17T13:00:30.784Z] ----------------------------------------------------------------------
[debug] 
[debug] [2022-07-17T13:00:30.802Z] > command requires scopes: ["email","openid","https://www.googleapis.com/auth/cloudplatformprojects.readonly","https://www.googleapis.com/auth/firebase","https://www.googleapis.com/auth/cloud-platform"]
[debug] [2022-07-17T13:00:30.803Z] > authorizing via signed-in user (benjamin.coudrin@gmail.com)
[info] 
     ######## #### ########  ######## ########     ###     ######  ########
     ##        ##  ##     ## ##       ##     ##  ##   ##  ##       ##
     ######    ##  ########  ######   ########  #########  ######  ######
     ##        ##  ##    ##  ##       ##     ## ##     ##       ## ##
     ##       #### ##     ## ######## ########  ##     ##  ######  ########

You're about to initialize a Firebase project in this directory:

  C:\Users\Shadow\Documents\Devel\rpg\GMETools\solo-helper

[info] 
=== Project Setup
[info] 
[info] First, let's associate this project directory with a Firebase project.
[info] You can create multiple project aliases by running firebase use --add, 
[info] but for now we'll just set up a default project.
[info] 
[debug] [2022-07-17T13:00:47.669Z] >>> [apiv2][query] GET https://firebase.googleapis.com/v1beta1/projects pageSize=100
[debug] [2022-07-17T13:00:48.092Z] <<< [apiv2][status] GET https://firebase.googleapis.com/v1beta1/projects 200
[debug] [2022-07-17T13:00:48.093Z] <<< [apiv2][body] GET https://firebase.googleapis.com/v1beta1/projects [omitted]
[info] i  Using project solo-helper (solo-helper) 
[info] 
=== Firestore Setup
[debug] [2022-07-17T13:00:50.766Z] >>> [apiv2][query] GET https://serviceusage.googleapis.com/v1/projects/solo-helper/services/firestore.googleapis.com [none]
[debug] [2022-07-17T13:00:51.528Z] <<< [apiv2][status] GET https://serviceusage.googleapis.com/v1/projects/solo-helper/services/firestore.googleapis.com 200
[debug] [2022-07-17T13:00:51.528Z] <<< [apiv2][body] GET https://serviceusage.googleapis.com/v1/projects/solo-helper/services/firestore.googleapis.com [omitted]
[debug] [2022-07-17T13:00:51.529Z] >>> [apiv2][query] GET https://appengine.googleapis.com/v1/apps/solo-helper [none]
[debug] [2022-07-17T13:00:51.833Z] <<< [apiv2][status] GET https://appengine.googleapis.com/v1/apps/solo-helper 200
[debug] [2022-07-17T13:00:51.833Z] <<< [apiv2][body] GET https://appengine.googleapis.com/v1/apps/solo-helper {"name":"apps/solo-helper","id":"solo-helper","authDomain":"gmail.com","locationId":"europe-west","codeBucket":"staging.solo-helper.appspot.com","servingStatus":"SERVING","defaultHostname":"solo-helper.ew.r.appspot.com","defaultBucket":"solo-helper.appspot.com","serviceAccount":"solo-helper@appspot.gserviceaccount.com","gcrDomain":"eu.gcr.io","databaseType":"CLOUD_FIRESTORE","featureSettings":{"splitHealthChecks":true,"useContainerOptimizedOs":true}}
[debug] [2022-07-17T13:00:51.833Z] database_type: CLOUD_FIRESTORE
[debug] [2022-07-17T13:00:51.834Z] > command requires scopes: ["email","openid","https://www.googleapis.com/auth/cloudplatformprojects.readonly","https://www.googleapis.com/auth/firebase","https://www.googleapis.com/auth/cloud-platform"]
[debug] [2022-07-17T13:00:51.834Z] > authorizing via signed-in user (benjamin.coudrin@gmail.com)
[debug] [2022-07-17T13:00:51.834Z] [iam] checking project solo-helper for permissions ["firebase.projects.get"]
[debug] [2022-07-17T13:00:51.834Z] >>> [apiv2][query] POST https://cloudresourcemanager.googleapis.com/v1/projects/solo-helper:testIamPermissions [none]
[debug] [2022-07-17T13:00:51.835Z] >>> [apiv2][body] POST https://cloudresourcemanager.googleapis.com/v1/projects/solo-helper:testIamPermissions {"permissions":["firebase.projects.get"]}
[debug] [2022-07-17T13:00:52.447Z] <<< [apiv2][status] POST https://cloudresourcemanager.googleapis.com/v1/projects/solo-helper:testIamPermissions 200
[debug] [2022-07-17T13:00:52.447Z] <<< [apiv2][body] POST https://cloudresourcemanager.googleapis.com/v1/projects/solo-helper:testIamPermissions {"permissions":["firebase.projects.get"]}
[info] 
[info] Firestore Security Rules allow you to define how and when to allow
[info] requests. You can keep these rules in your project directory
[info] and publish them with firebase deploy.
[info] 
[debug] [2022-07-17T13:00:55.527Z] >>> [apiv2][query] GET https://firebaserules.googleapis.com/v1/projects/solo-helper/releases pageSize=10&pageToken=
[debug] [2022-07-17T13:00:56.231Z] <<< [apiv2][status] GET https://firebaserules.googleapis.com/v1/projects/solo-helper/releases 200
[debug] [2022-07-17T13:00:56.231Z] <<< [apiv2][body] GET https://firebaserules.googleapis.com/v1/projects/solo-helper/releases {"releases":[{"name":"projects/solo-helper/releases/cloud.firestore","rulesetName":"projects/solo-helper/rulesets/49c988e7-e292-4cd1-a0b9-c3f2ae22c2df","createTime":"2022-07-17T13:00:16.367581Z","updateTime":"2022-07-17T13:00:16.367581Z"}]}
[debug] [2022-07-17T13:00:56.231Z] Found ruleset: projects/solo-helper/rulesets/49c988e7-e292-4cd1-a0b9-c3f2ae22c2df
[debug] [2022-07-17T13:00:56.232Z] >>> [apiv2][query] GET https://firebaserules.googleapis.com/v1/projects/solo-helper/rulesets/49c988e7-e292-4cd1-a0b9-c3f2ae22c2df [none]
[debug] [2022-07-17T13:00:56.876Z] <<< [apiv2][status] GET https://firebaserules.googleapis.com/v1/projects/solo-helper/rulesets/49c988e7-e292-4cd1-a0b9-c3f2ae22c2df 200
[debug] [2022-07-17T13:00:56.876Z] <<< [apiv2][body] GET https://firebaserules.googleapis.com/v1/projects/solo-helper/rulesets/49c988e7-e292-4cd1-a0b9-c3f2ae22c2df [omitted]
[info] 
[info] Firestore indexes allow you to perform complex queries while
[info] maintaining performance that scales with the size of the result
[info] set. You can keep index definitions in your project directory
[info] and publish them with firebase deploy.
[info] 
[debug] [2022-07-17T13:00:59.397Z] >>> [apiv2][query] GET https://firestore.googleapis.com/v1/projects/solo-helper/databases/(default)/collectionGroups/-/indexes [none]
[debug] [2022-07-17T13:00:59.398Z] >>> [apiv2][query] GET https://firestore.googleapis.com/v1/projects/solo-helper/databases/(default)/collectionGroups/-/fields?filter=indexConfig.usesAncestorConfig=false [none]
[debug] [2022-07-17T13:00:59.549Z] <<< [apiv2][status] GET https://firestore.googleapis.com/v1/projects/solo-helper/databases/(default)/collectionGroups/-/indexes 200
[debug] [2022-07-17T13:00:59.549Z] <<< [apiv2][body] GET https://firestore.googleapis.com/v1/projects/solo-helper/databases/(default)/collectionGroups/-/indexes {}
[debug] [2022-07-17T13:00:59.989Z] <<< [apiv2][status] GET https://firestore.googleapis.com/v1/projects/solo-helper/databases/(default)/collectionGroups/-/fields?filter=indexConfig.usesAncestorConfig=false 200
[debug] [2022-07-17T13:00:59.990Z] <<< [apiv2][body] GET https://firestore.googleapis.com/v1/projects/solo-helper/databases/(default)/collectionGroups/-/fields?filter=indexConfig.usesAncestorConfig=false {"fields":[{"name":"projects/solo-helper/databases/(default)/collectionGroups/__default__/fields/*","indexConfig":{"indexes":[{"queryScope":"COLLECTION","fields":[{"fieldPath":"*","order":"ASCENDING"}],"state":"READY"},{"queryScope":"COLLECTION","fields":[{"fieldPath":"*","order":"DESCENDING"}],"state":"READY"},{"queryScope":"COLLECTION","fields":[{"fieldPath":"*","arrayConfig":"CONTAINS"}],"state":"READY"}]}}]}
[info] 
=== Hosting Setup
[info] 
[info] Your public directory is the folder (relative to your project directory) that
[info] will contain Hosting assets to be uploaded with firebase deploy. If you
[info] have a build process for your assets, use your build's output directory.
[info] 
[info] +  Wrote build/404.html 
[debug] [2022-07-17T13:01:40.313Z] >>> [apiv2][query] GET https://www.gstatic.com/firebasejs/releases.json [none]
[debug] [2022-07-17T13:01:40.366Z] <<< [apiv2][status] GET https://www.gstatic.com/firebasejs/releases.json 200
[debug] [2022-07-17T13:01:40.366Z] <<< [apiv2][body] GET https://www.gstatic.com/firebasejs/releases.json {"current":{"version":"9.9.0","browserURL":"https://www.gstatic.com/firebasejs/9.9.0/firebase.js","packageURL":"https://www.gstatic.com/firebasejs/9.9.0/firebase.tgz"},"live":{"version":"9.9","browserURL":"https://www.gstatic.com/firebasejs/live/9.9/firebase.js","packageURL":"https://www.gstatic.com/firebasejs/live/9.9/firebase.tgz"},"components":{"analytics":"https://www.gstatic.com/firebasejs/9.9.0/firebase-analytics.js","app":"https://www.gstatic.com/firebasejs/9.9.0/firebase-app.js","app-check":"https://www.gstatic.com/firebasejs/9.9.0/firebase-app-check.js","auth":"https://www.gstatic.com/firebasejs/9.9.0/firebase-auth.js","auth/cordova":"https://www.gstatic.com/firebasejs/9.9.0/firebase-auth/cordova.js","auth/react-native":"https://www.gstatic.com/firebasejs/9.9.0/firebase-auth/react-native.js","functions":"https://www.gstatic.com/firebasejs/9.9.0/firebase-functions.js","firestore":"https://www.gstatic.com/firebasejs/9.9.0/firebase-firestore.js","firestore/lite":"https://www.gstatic.com/firebasejs/9.9.0/firebase-firestore/lite.js","installations":"https://www.gstatic.com/firebasejs/9.9.0/firebase-installations.js","storage":"https://www.gstatic.com/firebasejs/9.9.0/firebase-storage.js","performance":"https://www.gstatic.com/firebasejs/9.9.0/firebase-performance.js","remote-config":"https://www.gstatic.com/firebasejs/9.9.0/firebase-remote-config.js","messaging":"https://www.gstatic.com/firebasejs/9.9.0/firebase-messaging.js","messaging/sw":"https://www.gstatic.com/firebasejs/9.9.0/firebase-messaging/sw.js","database":"https://www.gstatic.com/firebasejs/9.9.0/firebase-database.js","firestore.memory":"https://www.gstatic.com/firebasejs/9.9.0/firebase-firestore.memory.js"}}
[info] +  Wrote build/index.html 
[info] 
[info] i  Detected a .git folder at C:\Users\Shadow\Documents\Devel\rpg\GMETools\solo-helper 
[info] i  Authorizing with GitHub to upload your service account to a GitHub repository's secrets store. 
[info] 
[info] Visit this URL on this device to log in:
[info] https://github.com/login/oauth/authorize?client_id=89cf50f02ac6aaed3484&state=118497247&redirect_uri=http%3A%2F%2Flocalhost%3A9005&scope=read%3Auser%20repo%20public_repo
[info] 
[info] Waiting for authentication...
[debug] [2022-07-17T13:01:41.074Z] >>> [apiv2][query] POST https://github.com/login/oauth/access_token [none]
[debug] [2022-07-17T13:01:41.074Z] >>> [apiv2][body] POST https://github.com/login/oauth/access_token [stream]
[debug] [2022-07-17T13:01:41.287Z] <<< [apiv2][status] POST https://github.com/login/oauth/access_token 200
[debug] [2022-07-17T13:01:41.287Z] <<< [apiv2][body] POST https://github.com/login/oauth/access_token {"access_token":"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","token_type":"bearer","scope":"read:user,repo"}
[debug] [2022-07-17T13:01:41.295Z] >>> [apiv2][query] GET https://api.github.com/user [none]
[debug] [2022-07-17T13:01:41.543Z] <<< [apiv2][status] GET https://api.github.com/user 200
[debug] [2022-07-17T13:01:41.543Z] <<< [apiv2][body] GET https://api.github.com/user {"login":"bcoudrin","id":5400606,"node_id":"MDQ6VXNlcjU0MDA2MDY=","avatar_url":"https://avatars.githubusercontent.com/u/5400606?v=4","gravatar_id":"","url":"https://api.github.com/users/bcoudrin","html_url":"https://github.com/bcoudrin","followers_url":"https://api.github.com/users/bcoudrin/followers","following_url":"https://api.github.com/users/bcoudrin/following{/other_user}","gists_url":"https://api.github.com/users/bcoudrin/gists{/gist_id}","starred_url":"https://api.github.com/users/bcoudrin/starred{/owner}{/repo}","subscriptions_url":"https://api.github.com/users/bcoudrin/subscriptions","organizations_url":"https://api.github.com/users/bcoudrin/orgs","repos_url":"https://api.github.com/users/bcoudrin/repos","events_url":"https://api.github.com/users/bcoudrin/events{/privacy}","received_events_url":"https://api.github.com/users/bcoudrin/received_events","type":"User","site_admin":false,"name":"Benjamin Coudrin","company":null,"blog":"","location":"Toulouse, France","email":"benjamin.coudrin@gmail.com","hireable":null,"bio":null,"twitter_username":null,"public_repos":23,"public_gists":0,"followers":4,"following":2,"created_at":"2013-09-06T15:07:00Z","updated_at":"2022-07-08T06:37:11Z","private_gists":0,"total_private_repos":2,"owned_private_repos":2,"disk_usage":59637,"collaborators":2,"two_factor_authentication":false,"plan":{"name":"free","space":976562499,"collaborators":0,"private_repos":10000}}
[info] 
[info] +  Success! Logged into GitHub as bcoudrin 
[info] 
[debug] [2022-07-17T13:03:00.144Z] >>> [apiv2][query] GET https://api.github.com/repos/GME-Tools/solo-helper/actions/secrets/public-key type=owner
[debug] [2022-07-17T13:03:00.331Z] <<< [apiv2][status] GET https://api.github.com/repos/GME-Tools/solo-helper/actions/secrets/public-key 404
[debug] [2022-07-17T13:03:00.331Z] <<< [apiv2][body] GET https://api.github.com/repos/GME-Tools/solo-helper/actions/secrets/public-key {"message":"Not Found","documentation_url":"https://docs.github.com/rest/reference/actions#get-a-repository-public-key"}
[debug] [2022-07-17T13:03:21.000Z] >>> [apiv2][query] GET https://api.github.com/repos/GME-Tools/solo-helper/actions/secrets/public-key type=owner
[debug] [2022-07-17T13:03:21.185Z] <<< [apiv2][status] GET https://api.github.com/repos/GME-Tools/solo-helper/actions/secrets/public-key 404
[debug] [2022-07-17T13:03:21.185Z] <<< [apiv2][body] GET https://api.github.com/repos/GME-Tools/solo-helper/actions/secrets/public-key {"message":"Not Found","documentation_url":"https://docs.github.com/rest/reference/actions#get-a-repository-public-key"}
[debug] [2022-07-17T13:03:48.498Z] >>> [apiv2][query] GET https://api.github.com/repos/GME-Tools/solo-helper/actions/secrets/public-key type=owner
[debug] [2022-07-17T13:03:48.678Z] <<< [apiv2][status] GET https://api.github.com/repos/GME-Tools/solo-helper/actions/secrets/public-key 404
[debug] [2022-07-17T13:03:48.678Z] <<< [apiv2][body] GET https://api.github.com/repos/GME-Tools/solo-helper/actions/secrets/public-key {"message":"Not Found","documentation_url":"https://docs.github.com/rest/reference/actions#get-a-repository-public-key"}
[debug] [2022-07-17T13:03:49.197Z] >>> [apiv2][query] GET https://api.github.com/repos/GME-Tools/solo-helper/actions/secrets/public-key type=owner
[debug] [2022-07-17T13:03:49.383Z] <<< [apiv2][status] GET https://api.github.com/repos/GME-Tools/solo-helper/actions/secrets/public-key 404
[debug] [2022-07-17T13:03:49.383Z] <<< [apiv2][body] GET https://api.github.com/repos/GME-Tools/solo-helper/actions/secrets/public-key {"message":"Not Found","documentation_url":"https://docs.github.com/rest/reference/actions#get-a-repository-public-key"}
[debug] [2022-07-17T13:03:49.519Z] >>> [apiv2][query] GET https://api.github.com/repos/GME-Tools/solo-helper/actions/secrets/public-key type=owner
[debug] [2022-07-17T13:03:49.690Z] <<< [apiv2][status] GET https://api.github.com/repos/GME-Tools/solo-helper/actions/secrets/public-key 404
[debug] [2022-07-17T13:03:49.690Z] <<< [apiv2][body] GET https://api.github.com/repos/GME-Tools/solo-helper/actions/secrets/public-key {"message":"Not Found","documentation_url":"https://docs.github.com/rest/reference/actions#get-a-repository-public-key"}
